<?xml version="1.0" encoding="utf-8"?>
<TestRun id="f5bc6eca-aa0e-464c-b2e4-230b5714a3ee" name="@milo 2026-02-09 17:49:32" xmlns="http://microsoft.com/schemas/VisualStudio/TeamTest/2010">
  <Times creation="2026-02-09T17:49:32.4616870+01:00" queuing="2026-02-09T17:49:32.4616870+01:00" start="2026-02-09T17:49:26.3519540+01:00" finish="2026-02-09T17:49:32.4645030+01:00" />
  <TestSettings name="default" id="98c0552c-af06-46ec-9325-ce3aa48604d6">
    <Deployment runDeploymentRoot="_milo_2026-02-09_17_49_32" />
  </TestSettings>
  <Results>
    <UnitTestResult executionId="2247dbea-5bb8-4d85-98e0-693154858037" testId="368e86d5-cd2d-1ccb-903c-f121196c8fa7" testName="Microsoft.EntityFrameworkCore.Query.PrimitiveCollectionsQueryNpgsqlTest.Check_all_tests_overridden" computerName="milo" duration="00:00:00.0018096" startTime="2026-02-09T17:49:32.4041090+01:00" endTime="2026-02-09T17:49:32.4052070+01:00" testType="13cdc9d9-ddb5-4fa4-a97d-d965ccfc6d4b" outcome="Failed" testListId="8c84fa94-04c1-424b-9868-57a2d4851a1d" relativeResultsDirectory="2247dbea-5bb8-4d85-98e0-693154858037">
      <Output>
        <ErrorInfo>
          <Message>&#xD;
-- Missing test overrides --&#xD;
&#xD;
public override async Task Parameter_collection_ReadOnlyCollectionWithContains_of_ints_Contains_int(bool async)&#xD;
{&#xD;
    await base.Parameter_collection_ReadOnlyCollectionWithContains_of_ints_Contains_int(async);&#xD;
&#xD;
    AssertSql();&#xD;
}&#xD;
&#xD;
public override async Task Parameter_collection_empty_Contains(bool async)&#xD;
{&#xD;
    await base.Parameter_collection_empty_Contains(async);&#xD;
&#xD;
    AssertSql();&#xD;
}&#xD;
&#xD;
public override async Task Parameter_collection_empty_Join(bool async)&#xD;
{&#xD;
    await base.Parameter_collection_empty_Join(async);&#xD;
&#xD;
    AssertSql();&#xD;
}&#xD;
&#xD;
public override async Task Parameter_collection_Count_with_huge_number_of_values_over_5_operations(bool async)&#xD;
{&#xD;
    await base.Parameter_collection_Count_with_huge_number_of_values_over_5_operations(async);&#xD;
&#xD;
    AssertSql();&#xD;
}&#xD;
&#xD;
public override async Task Parameter_collection_Count_with_huge_number_of_values_over_5_operations_same_parameter(bool async)&#xD;
{&#xD;
    await base.Parameter_collection_Count_with_huge_number_of_values_over_5_operations_same_parameter(async);&#xD;
&#xD;
    AssertSql();&#xD;
}&#xD;
&#xD;
public override async Task Parameter_collection_Count_with_huge_number_of_values_over_2_operations_same_parameter_different_type_mapping(bool async)&#xD;
{&#xD;
    await base.Parameter_collection_Count_with_huge_number_of_values_over_2_operations_same_parameter_different_type_mapping(async);&#xD;
&#xD;
    AssertSql();&#xD;
}&#xD;
&#xD;
public override async Task Parameter_collection_Count_with_huge_number_of_values_over_5_operations_forced_constants(bool async)&#xD;
{&#xD;
    await base.Parameter_collection_Count_with_huge_number_of_values_over_5_operations_forced_constants(async);&#xD;
&#xD;
    AssertSql();&#xD;
}&#xD;
&#xD;
public override async Task Parameter_collection_Count_with_huge_number_of_values_over_5_operations_mixed_parameters_constants(bool async)&#xD;
{&#xD;
    await base.Parameter_collection_Count_with_huge_number_of_values_over_5_operations_mixed_parameters_constants(async);&#xD;
&#xD;
    AssertSql();&#xD;
}&#xD;
&#xD;
public override async Task Parameter_collection_of_ints_Contains_int_with_huge_number_of_values_over_5_operations(bool async)&#xD;
{&#xD;
    await base.Parameter_collection_of_ints_Contains_int_with_huge_number_of_values_over_5_operations(async);&#xD;
&#xD;
    AssertSql();&#xD;
}&#xD;
&#xD;
public override async Task Parameter_collection_of_ints_Contains_int_with_huge_number_of_values_over_5_operations_same_parameter(bool async)&#xD;
{&#xD;
    await base.Parameter_collection_of_ints_Contains_int_with_huge_number_of_values_over_5_operations_same_parameter(async);&#xD;
&#xD;
    AssertSql();&#xD;
}&#xD;
&#xD;
public override async Task Parameter_collection_of_ints_Contains_int_with_huge_number_of_values_over_2_operations_same_parameter_different_type_mapping(bool async)&#xD;
{&#xD;
    await base.Parameter_collection_of_ints_Contains_int_with_huge_number_of_values_over_2_operations_same_parameter_different_type_mapping(async);&#xD;
&#xD;
    AssertSql();&#xD;
}&#xD;
&#xD;
public override async Task Parameter_collection_of_ints_Contains_int_with_huge_number_of_values_over_5_operations_forced_constants(bool async)&#xD;
{&#xD;
    await base.Parameter_collection_of_ints_Contains_int_with_huge_number_of_values_over_5_operations_forced_constants(async);&#xD;
&#xD;
    AssertSql();&#xD;
}&#xD;
&#xD;
public override async Task Parameter_collection_of_ints_Contains_int_with_huge_number_of_values_over_5_operations_mixed_parameters_constants(bool async)&#xD;
{&#xD;
    await base.Parameter_collection_of_ints_Contains_int_with_huge_number_of_values_over_5_operations_mixed_parameters_constants(async);&#xD;
&#xD;
    AssertSql();&#xD;
}&#xD;
&#xD;
public override async Task Static_readonly_collection_List_of_ints_Contains_int(bool async)&#xD;
{&#xD;
    await base.Static_readonly_collection_List_of_ints_Contains_int(async);&#xD;
&#xD;
    AssertSql();&#xD;
}&#xD;
&#xD;
public override async Task Static_readonly_collection_FrozenSet_of_ints_Contains_int(bool async)&#xD;
{&#xD;
    await base.Static_readonly_collection_FrozenSet_of_ints_Contains_int(async);&#xD;
&#xD;
    AssertSql();&#xD;
}&#xD;
&#xD;
public override async Task Static_readonly_collection_ImmutableArray_of_ints_Contains_int(bool async)&#xD;
{&#xD;
    await base.Static_readonly_collection_ImmutableArray_of_ints_Contains_int(async);&#xD;
&#xD;
    AssertSql();&#xD;
}&#xD;
&#xD;
public override async Task Contains_on_Enumerable(bool async)&#xD;
{&#xD;
    await base.Contains_on_Enumerable(async);&#xD;
&#xD;
    AssertSql();&#xD;
}&#xD;
&#xD;
public override async Task Contains_on_MemoryExtensions(bool async)&#xD;
{&#xD;
    await base.Contains_on_MemoryExtensions(async);&#xD;
&#xD;
    AssertSql();&#xD;
}&#xD;
&#xD;
public override async Task Contains_with_MemoryExtensions_with_null_comparer(bool async)&#xD;
{&#xD;
    await base.Contains_with_MemoryExtensions_with_null_comparer(async);&#xD;
&#xD;
    AssertSql();&#xD;
}&#xD;
&#xD;
public override async Task Compiled_query_with_uncorrelated_parameter_collection_expression(bool async)&#xD;
{&#xD;
    await base.Compiled_query_with_uncorrelated_parameter_collection_expression(async);&#xD;
&#xD;
    AssertSql();&#xD;
}&#xD;
&#xD;
</Message>
          <StackTrace>   at Microsoft.EntityFrameworkCore.TestUtilities.TestHelpers.AssertAllMethodsOverridden(Type testClass)
   at Microsoft.EntityFrameworkCore.Query.PrimitiveCollectionsQueryNpgsqlTest.Check_all_tests_overridden() in /Users/roji/projects/efcore.pg/test/EFCore.PG.FunctionalTests/Query/PrimitiveCollectionsQueryNpgsqlTest.cs:line 2350
   at System.Reflection.MethodBaseInvoker.InterpretedInvoke_Method(Object obj, IntPtr* args)
   at System.Reflection.RuntimeMethodInfo.Invoke(Object obj, BindingFlags invokeAttr, Binder binder, Object[] parameters, CultureInfo culture)</StackTrace>
        </ErrorInfo>
      </Output>
    </UnitTestResult>
  </Results>
  <TestDefinitions>
    <UnitTest name="Microsoft.EntityFrameworkCore.Query.PrimitiveCollectionsQueryNpgsqlTest.Check_all_tests_overridden" storage="/users/roji/projects/efcore.pg/test/efcore.pg.functionaltests/bin/debug/net11.0/npgsql.entityframeworkcore.postgresql.functionaltests.dll" id="368e86d5-cd2d-1ccb-903c-f121196c8fa7">
      <Execution id="2247dbea-5bb8-4d85-98e0-693154858037" />
      <TestMethod codeBase="/Users/roji/projects/efcore.pg/test/EFCore.PG.FunctionalTests/bin/Debug/net11.0/Npgsql.EntityFrameworkCore.PostgreSQL.FunctionalTests.dll" adapterTypeName="executor://xunit/VsTestRunner3/netcore/" className="Microsoft.EntityFrameworkCore.Query.PrimitiveCollectionsQueryNpgsqlTest" name="Check_all_tests_overridden" />
    </UnitTest>
  </TestDefinitions>
  <TestEntries>
    <TestEntry testId="368e86d5-cd2d-1ccb-903c-f121196c8fa7" executionId="2247dbea-5bb8-4d85-98e0-693154858037" testListId="8c84fa94-04c1-424b-9868-57a2d4851a1d" />
  </TestEntries>
  <TestLists>
    <TestList name="Results Not in a List" id="8c84fa94-04c1-424b-9868-57a2d4851a1d" />
    <TestList name="All Loaded Results" id="19431567-8539-422a-85d7-44ee4e166bda" />
  </TestLists>
  <ResultSummary outcome="Failed">
    <Counters total="1" executed="1" passed="0" failed="1" error="0" timeout="0" aborted="0" inconclusive="0" passedButRunAborted="0" notRunnable="0" notExecuted="0" disconnected="0" warning="0" completed="0" inProgress="0" pending="0" />
    <Output>
      <StdOut>[xUnit.net 00:00:00.00] xUnit.net VSTest Adapter v3.1.5+1b188a7b0a (64-bit .NET 11.0.0-preview.1.26078.121)
[xUnit.net 00:00:00.19]   Discovering: Npgsql.EntityFrameworkCore.PostgreSQL.FunctionalTests
[xUnit.net 00:00:04.87]   Discovered:  Npgsql.EntityFrameworkCore.PostgreSQL.FunctionalTests
[xUnit.net 00:00:04.92]   Starting:    Npgsql.EntityFrameworkCore.PostgreSQL.FunctionalTests
[xUnit.net 00:00:05.79]       &#xD;
[xUnit.net 00:00:05.79]       -- Missing test overrides --&#xD;
[xUnit.net 00:00:05.79]       &#xD;
[xUnit.net 00:00:05.79]       public override async Task Parameter_collection_ReadOnlyCollectionWithContains_of_ints_Contains_int(bool async)&#xD;
[xUnit.net 00:00:05.79]       {&#xD;
[xUnit.net 00:00:05.79]           await base.Parameter_collection_ReadOnlyCollectionWithContains_of_ints_Contains_int(async);&#xD;
[xUnit.net 00:00:05.79]       &#xD;
[xUnit.net 00:00:05.79]           AssertSql();&#xD;
[xUnit.net 00:00:05.79]       }&#xD;
[xUnit.net 00:00:05.79]       &#xD;
[xUnit.net 00:00:05.79]       public override async Task Parameter_collection_empty_Contains(bool async)&#xD;
[xUnit.net 00:00:05.79]       {&#xD;
[xUnit.net 00:00:05.79]           await base.Parameter_collection_empty_Contains(async);&#xD;
[xUnit.net 00:00:05.79]       &#xD;
[xUnit.net 00:00:05.79]           AssertSql();&#xD;
[xUnit.net 00:00:05.79]       }&#xD;
[xUnit.net 00:00:05.79]       &#xD;
[xUnit.net 00:00:05.79]       public override async Task Parameter_collection_empty_Join(bool async)&#xD;
[xUnit.net 00:00:05.79]       {&#xD;
[xUnit.net 00:00:05.79]           await base.Parameter_collection_empty_Join(async);&#xD;
[xUnit.net 00:00:05.79]       &#xD;
[xUnit.net 00:00:05.79]           AssertSql();&#xD;
[xUnit.net 00:00:05.79]       }&#xD;
[xUnit.net 00:00:05.79]       &#xD;
[xUnit.net 00:00:05.79]       public override async Task Parameter_collection_Count_with_huge_number_of_values_over_5_operations(bool async)&#xD;
[xUnit.net 00:00:05.79]       {&#xD;
[xUnit.net 00:00:05.79]           await base.Parameter_collection_Count_with_huge_number_of_values_over_5_operations(async);&#xD;
[xUnit.net 00:00:05.79]       &#xD;
[xUnit.net 00:00:05.79]           AssertSql();&#xD;
[xUnit.net 00:00:05.79]       }&#xD;
[xUnit.net 00:00:05.79]       &#xD;
[xUnit.net 00:00:05.79]       public override async Task Parameter_collection_Count_with_huge_number_of_values_over_5_operations_same_parameter(bool async)&#xD;
[xUnit.net 00:00:05.79]       {&#xD;
[xUnit.net 00:00:05.79]           await base.Parameter_collection_Count_with_huge_number_of_values_over_5_operations_same_parameter(async);&#xD;
[xUnit.net 00:00:05.79]       &#xD;
[xUnit.net 00:00:05.79]           AssertSql();&#xD;
[xUnit.net 00:00:05.79]       }&#xD;
[xUnit.net 00:00:05.79]       &#xD;
[xUnit.net 00:00:05.79]       public override async Task Parameter_collection_Count_with_huge_number_of_values_over_2_operations_same_parameter_different_type_mapping(bool async)&#xD;
[xUnit.net 00:00:05.79]       {&#xD;
[xUnit.net 00:00:05.79]           await base.Parameter_collection_Count_with_huge_number_of_values_over_2_operations_same_parameter_different_type_mapping(async);&#xD;
[xUnit.net 00:00:05.79]       &#xD;
[xUnit.net 00:00:05.79]           AssertSql();&#xD;
[xUnit.net 00:00:05.79]       }&#xD;
[xUnit.net 00:00:05.79]       &#xD;
[xUnit.net 00:00:05.79]       public override async Task Parameter_collection_Count_with_huge_number_of_values_over_5_operations_forced_constants(bool async)&#xD;
[xUnit.net 00:00:05.79]       {&#xD;
[xUnit.net 00:00:05.79]           await base.Parameter_collection_Count_with_huge_number_of_values_over_5_operations_forced_constants(async);&#xD;
[xUnit.net 00:00:05.79]       &#xD;
[xUnit.net 00:00:05.79]           AssertSql();&#xD;
[xUnit.net 00:00:05.79]       }&#xD;
[xUnit.net 00:00:05.79]       &#xD;
[xUnit.net 00:00:05.79]       public override async Task Parameter_collection_Count_with_huge_number_of_values_over_5_operations_mixed_parameters_constants(bool async)&#xD;
[xUnit.net 00:00:05.79]       {&#xD;
[xUnit.net 00:00:05.79]           await base.Parameter_collection_Count_with_huge_number_of_values_over_5_operations_mixed_parameters_constants(async);&#xD;
[xUnit.net 00:00:05.79]       &#xD;
[xUnit.net 00:00:05.79]           AssertSql();&#xD;
[xUnit.net 00:00:05.79]       }&#xD;
[xUnit.net 00:00:05.79]       &#xD;
[xUnit.net 00:00:05.79]       public override async Task Parameter_collection_of_ints_Contains_int_with_huge_number_of_values_over_5_operations(bool async)&#xD;
[xUnit.net 00:00:05.79]       {&#xD;
[xUnit.net 00:00:05.79]           await base.Parameter_collection_of_ints_Contains_int_with_huge_number_of_values_over_5_operations(async);&#xD;
[xUnit.net 00:00:05.79]       &#xD;
[xUnit.net 00:00:05.79]           AssertSql();&#xD;
[xUnit.net 00:00:05.79]       }&#xD;
[xUnit.net 00:00:05.79]       &#xD;
[xUnit.net 00:00:05.79]       public override async Task Parameter_collection_of_ints_Contains_int_with_huge_number_of_values_over_5_operations_same_parameter(bool async)&#xD;
[xUnit.net 00:00:05.79]       {&#xD;
[xUnit.net 00:00:05.79]           await base.Parameter_collection_of_ints_Contains_int_with_huge_number_of_values_over_5_operations_same_parameter(async);&#xD;
[xUnit.net 00:00:05.79]       &#xD;
[xUnit.net 00:00:05.79]           AssertSql();&#xD;
[xUnit.net 00:00:05.79]       }&#xD;
[xUnit.net 00:00:05.79]       &#xD;
[xUnit.net 00:00:05.79]       public override async Task Parameter_collection_of_ints_Contains_int_with_huge_number_of_values_over_2_operations_same_parameter_different_type_mapping(bool async)&#xD;
[xUnit.net 00:00:05.79]       {&#xD;
[xUnit.net 00:00:05.79]           await base.Parameter_collection_of_ints_Contains_int_with_huge_number_of_values_over_2_operations_same_parameter_different_type_mapping(async);&#xD;
[xUnit.net 00:00:05.79]       &#xD;
[xUnit.net 00:00:05.79]           AssertSql();&#xD;
[xUnit.net 00:00:05.79]       }&#xD;
[xUnit.net 00:00:05.79]       &#xD;
[xUnit.net 00:00:05.79]       public override async Task Parameter_collection_of_ints_Contains_int_with_huge_number_of_values_over_5_operations_forced_constants(bool async)&#xD;
[xUnit.net 00:00:05.79]       {&#xD;
[xUnit.net 00:00:05.79]           await base.Parameter_collection_of_ints_Contains_int_with_huge_number_of_values_over_5_operations_forced_constants(async);&#xD;
[xUnit.net 00:00:05.79]       &#xD;
[xUnit.net 00:00:05.79]           AssertSql();&#xD;
[xUnit.net 00:00:05.79]       }&#xD;
[xUnit.net 00:00:05.79]       &#xD;
[xUnit.net 00:00:05.79]       public override async Task Parameter_collection_of_ints_Contains_int_with_huge_number_of_values_over_5_operations_mixed_parameters_constants(bool async)&#xD;
[xUnit.net 00:00:05.79]       {&#xD;
[xUnit.net 00:00:05.79]           await base.Parameter_collection_of_ints_Contains_int_with_huge_number_of_values_over_5_operations_mixed_parameters_constants(async);&#xD;
[xUnit.net 00:00:05.79]       &#xD;
[xUnit.net 00:00:05.79]           AssertSql();&#xD;
[xUnit.net 00:00:05.79]       }&#xD;
[xUnit.net 00:00:05.79]       &#xD;
[xUnit.net 00:00:05.79]       public override async Task Static_readonly_collection_List_of_ints_Contains_int(bool async)&#xD;
[xUnit.net 00:00:05.79]       {&#xD;
[xUnit.net 00:00:05.79]           await base.Static_readonly_collection_List_of_ints_Contains_int(async);&#xD;
[xUnit.net 00:00:05.79]       &#xD;
[xUnit.net 00:00:05.79]           AssertSql();&#xD;
[xUnit.net 00:00:05.79]       }&#xD;
[xUnit.net 00:00:05.79]       &#xD;
[xUnit.net 00:00:05.79]       public override async Task Static_readonly_collection_FrozenSet_of_ints_Contains_int(bool async)&#xD;
[xUnit.net 00:00:05.79]       {&#xD;
[xUnit.net 00:00:05.79]           await base.Static_readonly_collection_FrozenSet_of_ints_Contains_int(async);&#xD;
[xUnit.net 00:00:05.79]       &#xD;
[xUnit.net 00:00:05.79]           AssertSql();&#xD;
[xUnit.net 00:00:05.79]       }&#xD;
[xUnit.net 00:00:05.79]       &#xD;
[xUnit.net 00:00:05.79]       public override async Task Static_readonly_collection_ImmutableArray_of_ints_Contains_int(bool async)&#xD;
[xUnit.net 00:00:05.79]       {&#xD;
[xUnit.net 00:00:05.79]           await base.Static_readonly_collection_ImmutableArray_of_ints_Contains_int(async);&#xD;
[xUnit.net 00:00:05.79]       &#xD;
[xUnit.net 00:00:05.79]           AssertSql();&#xD;
[xUnit.net 00:00:05.79]       }&#xD;
[xUnit.net 00:00:05.79]       &#xD;
[xUnit.net 00:00:05.79]       public override async Task Contains_on_Enumerable(bool async)&#xD;
[xUnit.net 00:00:05.79]       {&#xD;
[xUnit.net 00:00:05.79]           await base.Contains_on_Enumerable(async);&#xD;
[xUnit.net 00:00:05.79]       &#xD;
[xUnit.net 00:00:05.79]           AssertSql();&#xD;
[xUnit.net 00:00:05.79]       }&#xD;
[xUnit.net 00:00:05.79]       &#xD;
[xUnit.net 00:00:05.79]       public override async Task Contains_on_MemoryExtensions(bool async)&#xD;
[xUnit.net 00:00:05.79]       {&#xD;
[xUnit.net 00:00:05.79]           await base.Contains_on_MemoryExtensions(async);&#xD;
[xUnit.net 00:00:05.79]       &#xD;
[xUnit.net 00:00:05.79]           AssertSql();&#xD;
[xUnit.net 00:00:05.79]       }&#xD;
[xUnit.net 00:00:05.79]       &#xD;
[xUnit.net 00:00:05.79]       public override async Task Contains_with_MemoryExtensions_with_null_comparer(bool async)&#xD;
[xUnit.net 00:00:05.79]       {&#xD;
[xUnit.net 00:00:05.79]           await base.Contains_with_MemoryExtensions_with_null_comparer(async);&#xD;
[xUnit.net 00:00:05.79]       &#xD;
[xUnit.net 00:00:05.79]           AssertSql();&#xD;
[xUnit.net 00:00:05.79]       }&#xD;
[xUnit.net 00:00:05.79]       &#xD;
[xUnit.net 00:00:05.79]       public override async Task Compiled_query_with_uncorrelated_parameter_collection_expression(bool async)&#xD;
[xUnit.net 00:00:05.79]       {&#xD;
[xUnit.net 00:00:05.79]           await base.Compiled_query_with_uncorrelated_parameter_collection_expression(async);&#xD;
[xUnit.net 00:00:05.79]       &#xD;
[xUnit.net 00:00:05.79]           AssertSql();&#xD;
[xUnit.net 00:00:05.79]       }&#xD;
[xUnit.net 00:00:05.79]       &#xD;
[xUnit.net 00:00:05.79]       
[xUnit.net 00:00:05.79]       Stack Trace:
[xUnit.net 00:00:05.79]            at Microsoft.EntityFrameworkCore.TestUtilities.TestHelpers.AssertAllMethodsOverridden(Type testClass)
[xUnit.net 00:00:05.79]         /Users/roji/projects/efcore.pg/test/EFCore.PG.FunctionalTests/Query/PrimitiveCollectionsQueryNpgsqlTest.cs(2350,0): at Microsoft.EntityFrameworkCore.Query.PrimitiveCollectionsQueryNpgsqlTest.Check_all_tests_overridden()
[xUnit.net 00:00:05.79]            at System.Reflection.MethodBaseInvoker.InterpretedInvoke_Method(Object obj, IntPtr* args)
[xUnit.net 00:00:05.79]            at System.Reflection.RuntimeMethodInfo.Invoke(Object obj, BindingFlags invokeAttr, Binder binder, Object[] parameters, CultureInfo culture)
[xUnit.net 00:00:05.80]   Finished:    Npgsql.EntityFrameworkCore.PostgreSQL.FunctionalTests
</StdOut>
    </Output>
    <RunInfos>
      <RunInfo computerName="milo" outcome="Error" timestamp="2026-02-09T17:49:32.4113850+01:00">
        <Text>[xUnit.net 00:00:05.79]     Microsoft.EntityFrameworkCore.Query.PrimitiveCollectionsQueryNpgsqlTest.Check_all_tests_overridden [FAIL]</Text>
      </RunInfo>
    </RunInfos>
  </ResultSummary>
</TestRun>